<?xml version="1.0" encoding="UTF-8"?>
<testsuites name="jest tests" tests="21" failures="2" errors="0" time="11.239">
  <testsuite name="Upload File" errors="0" failures="2" skipped="0" timestamp="2025-06-10T00:38:47" time="6.539" tests="2">
    <testcase classname="Upload File POST /upload/single" name="Upload File POST /upload/single" time="0.097">
      <failure>Error: ENOENT: no such file or directory, open &apos;C:/Projects/api-e2e-framework/data/skipper.jpg&apos;</failure>
    </testcase>
    <testcase classname="Upload File POST /upload/multiple" name="Upload File POST /upload/multiple" time="0.01">
      <failure>Error: ENOENT: no such file or directory, open &apos;C:/Projects/api-e2e-framework/data/skipper.jpg&apos;</failure>
    </testcase>
  </testsuite>
  <testsuite name="POC Tests" errors="0" failures="0" skipped="0" timestamp="2025-06-10T00:38:47" time="7.064" tests="6">
    <testcase classname="POC Tests GET Requests GET /posts" name="POC Tests GET Requests GET /posts" time="0.195">
    </testcase>
    <testcase classname="POC Tests GET Requests GET /comments with query params" name="POC Tests GET Requests GET /comments with query params" time="0.081">
    </testcase>
    <testcase classname="POC Tests POST Requests POST /posts" name="POC Tests POST Requests POST /posts" time="0.073">
    </testcase>
    <testcase classname="POC Tests PUT Requests PUT /posts/{id}" name="POC Tests PUT Requests PUT /posts/{id}" time="0.109">
    </testcase>
    <testcase classname="POC Tests PATCH Requests PATCH /posts/{id}" name="POC Tests PATCH Requests PATCH /posts/{id}" time="0.119">
    </testcase>
    <testcase classname="POC Tests DELETE Requests DELETE /posts/{id}" name="POC Tests DELETE Requests DELETE /posts/{id}" time="0.067">
    </testcase>
  </testsuite>
  <testsuite name="Categories" errors="0" failures="0" skipped="0" timestamp="2025-06-10T00:38:47" time="9.578" tests="4">
    <testcase classname="Categories GET All/categories" name="Categories GET All/categories" time="1.616">
    </testcase>
    <testcase classname="Categories Create, Get, Update and Delete A Category GET /categories/id" name="Categories Create, Get, Update and Delete A Category GET /categories/id" time="0.156">
    </testcase>
    <testcase classname="Categories Create, Get, Update and Delete A Category PUT /categories/id" name="Categories Create, Get, Update and Delete A Category PUT /categories/id" time="0.261">
    </testcase>
    <testcase classname="Categories Create, Get, Update and Delete A Category DELETE /categories" name="Categories Create, Get, Update and Delete A Category DELETE /categories" time="0.282">
    </testcase>
  </testsuite>
  <testsuite name="Brands" errors="0" failures="0" skipped="0" timestamp="2025-06-10T00:38:47" time="10.359" tests="9">
    <testcase classname="Brands Create, Get, Update, and Delete a brand GET /brands" name="Brands Create, Get, Update, and Delete a brand GET /brands" time="1.313">
    </testcase>
    <testcase classname="Brands Create, Get, Update, and Delete a brand GET /brands/:id" name="Brands Create, Get, Update, and Delete a brand GET /brands/:id" time="0.155">
    </testcase>
    <testcase classname="Brands Create, Get, Update, and Delete a brand PUT /brands/:id" name="Brands Create, Get, Update, and Delete a brand PUT /brands/:id" time="0.265">
    </testcase>
    <testcase classname="Brands Schema Verification Schema Verification - Name is a mandatory field" name="Brands Schema Verification Schema Verification - Name is a mandatory field" time="0.141">
    </testcase>
    <testcase classname="Brands Schema Verification Schema Verifiaction - Max char length for name = 30" name="Brands Schema Verification Schema Verifiaction - Max char length for name = 30" time="0.07">
    </testcase>
    <testcase classname="Brands Business Logic Business Logic - Duplicate brand entries not allowed" name="Brands Business Logic Business Logic - Duplicate brand entries not allowed" time="0.337">
    </testcase>
    <testcase classname="Brands Business Logic Business Logic - GET /brand/invalid_id should throw 404" name="Brands Business Logic Business Logic - GET /brand/invalid_id should throw 404" time="0.156">
    </testcase>
    <testcase classname="Brands Business Logic Business Logic - PUT /brands/invalid_id" name="Brands Business Logic Business Logic - PUT /brands/invalid_id" time="0.063">
    </testcase>
    <testcase classname="Brands Business Logic Business Logic - DELETE /brands/invalid_id" name="Brands Business Logic Business Logic - DELETE /brands/invalid_id" time="0.063">
    </testcase>
  </testsuite>
</testsuites>